[manga-jivl.vercel.app/index.html]
[backblue.gif]
[fade.gif]
[index.html]
[manga-jivl.vercel.app/assets/index-U9MFb4ym.js]
[manga-jivl.vercel.app/assets/index-C6Zq50ZD.css]
[manga-jivl.vercel.app/manga/01.png]
[manga-jivl.vercel.app/manga/02.png]
[manga-jivl.vercel.app/manga/04.png]
[manga-jivl.vercel.app/manga/03.png]
[manga-jivl.vercel.app/manga/05.png]
[manga-jivl.vercel.app/products/link+u_KV_1206_small.jpg]
[manga-jivl.vercel.app/products/クレンジング.png]
[manga-jivl.vercel.app/products/洗顔.png]
[manga-jivl.vercel.app/products/化粧液.png]
[manga-jivl.vercel.app/products/乳液.png]
[manga-jivl.vercel.app/index-2.html]
[manga-jivl.vercel.app/index-3.html]
[manga-jivl.vercel.app/index.html]
[manga-jivl.vercel.app/assets/index-C6Zq50ZD.css]
[manga-jivl.vercel.app/index-2.html]
[manga-jivl.vercel.app/index-3.html]
[manga-jivl.vercel.app/index-4.html]
[manga-jivl.vercel.app/index-4.html]
